make.exe all --print-data-base --no-builtin-variables --no-builtin-rules --question
# GNU Make 4.3
# Built for Windows32
# Copyright (C) 1988-2020 Free Software Foundation, Inc.
# License GPLv3+: GNU GPL version 3 or later <http://gnu.org/licenses/gpl.html>
# This is free software: you are free to change and redistribute it.
# There is NO WARRANTY, to the extent permitted by law.

# Make data base, printed on Wed Jun 29 19:56:51 2022

# Variables

# environment
FPS_BROWSER_APP_PROFILE_STRING = Internet Explorer
# environment
SYSTEMDRIVE = C:
# environment
JAVA_HOME = C:\Program Files\Java\jdk-17.0.2
# makefile (from 'makefile', line 7)
OBJ = obj/
# environment
LC_ALL = C
# makefile (from 'makefile', line 6)
SRC = src/
# environment
USERPROFILE = C:\Users\juand
# environment
TMPDIR = C:\Users\juand\AppData\Local\Temp
# environment
LOCALAPPDATA = C:\Users\juand\AppData\Local
# environ 
ment
VSCODE_IPC_HOOK_EXTHOST = \\.\pipe\vscode-ipc-cb2e1593-6c88-49d3-8df5-1a5c9f2ca5a7-sock
# environment
WSLENV = WT_SESSION::WT_PROFILE_ID
# environment
VSCODE_CWD = D:\Github\Embarcados\pratica04
# environment
MINGW_PREFIX = C:/Program Files/Git/mingw64
# environment
CHOCOLATEYINSTALL = C:\ProgramData\chocolatey
# environment
SYSTEMROOT = C:\WINDOWS
# environment
PROCESSOR_LEVEL = 6
# environment
PSMODULEPATH = C:\Program Files\WindowsPowerShell\Modules;C:\WINDOWS\system32\WindowsPowerShell\v1.0\Modules
# makefile (from 'makefile', line 5)
IPATH = -Iinc/
# default
MAKE_COMMAND := make.exe
# automatic
@D = $(patsubst %/,%,$(patsubst %\,%,$(dir $@)))
# environment
ACLOCAL_PATH = C:\Program Files\Git\mingw64\share\aclocal;C:\Program Files\Git\usr\share\aclocal
# environment
CHROME_CRASHPAD_PIPE_NAME = \\.\pipe\crashpad_13856_MAWBEDWQMZKNKGDK
# environment
ORIGINAL_TEMP = C:/Users/juand/AppData/Local/Temp
# environment
FPS_BROWSER_USER_PROFILE_STRING = Default
# environment
VSCODE_HANDLES_UNCAUGHT_ERRORS = true
# default
.VARIABLES := 
# environment
PWD = D:/Github/Embarcados/pratica04
# automatic
%D = $(patsubst %/,%,$(patsubst %\,%,$(dir $%)))
# environment
HOSTNAME = Desktop-Juan
# makefile (from 'makefile', line 1)
CHAINPATH = 
# environment
OLDPWD = D:/Github/Embarcados
# automatic
^D = $(patsubst %/,%,$(patsubst %\,%,$(dir $^)))
# environment
VSCODE_LOG_STACK = false
# automatic
%F = $(notdir $%)
# environment
VSCODE_CODE_CACHE_PATH = C:\Users\juand\AppData\Roaming\Code\CachedData\30d9c6cd9483b2cc586687151bcbcd635f373630
# environment
SSH_ASKPASS = C:/Program Files/Git/mingw64/libexec/git-core/git-gui--askpass
# environment
LANG = C
# default
.LOADED := 
# environment
TMP = C:\Users\juand\AppData\Local\Temp
# default
.INCLUDE_DIRS = .
# makefile
MAKEFLAGS = pqrR
# environment
PKG_CONFIG_PATH = C:\Program Files\Git\mingw64\lib\pkgconfig;C:\Program Files\Git\mingw64\share\pkgconfig
# environment
ONEDRIVE = C:\Users\juand\OneDrive
# environment
INTELLIJ IDEA COMMUNITY EDITION = C:\Program Files\JetBrains\IntelliJ IDEA Community Edition 2021.2\bin;
# makefile
CURDIR := d:/Github/Embarcados/pratica04
# environment
VSCODE_PIPE_LOGGING = true
# environment
MSYSTEM_CARCH = x86_64
# environment
APPLICATION_INSIGHTS_NO_DIAGNOSTIC_CHANNEL = 1
# automatic
*D = $(patsubst %/,%,$(patsubst %\,%,$(dir $*)))
# environment
PROGRAMFILES = C:\Program Files
# environment
MFLAGS = -pqrR
# default
.SHELLFLAGS := -c
# environment
COMMONPROGRAMW6432 = C:\Program Files\Common Files
# automatic
+D = $(patsubst %/,%,$(patsubst %\,%,$(dir $+)))
# makefile (from 'makefile', line 1)
MAKEFILE_LIST := makefile
# automatic
@F = $(notdir $@)
# makefile (from 'makefile', line 2)
CHAIN = $(CHAINPATH)arm-none-eabi
# environment
VSCODE_VERBOSE_LOGGING = true
# environment
VSCODE_PID = 13856
# automatic
?D = $(patsubst %/,%,$(patsubst %\,%,$(dir $?)))
# environment
MINGW_CHOST = x86_64-w64-mingw32
# environment
WT_PROFILE_ID = {2ece5bfe-50ed-5f3a-ab87-5cd4baafed2b}
# automatic
*F = $(notdir $*)
# environment
MANPATH = C:\Program Files\Git\mingw64\local\man;C:\Program Files\Git\mingw64\share\man;C:\Program Files\Git\usr\local\man;C:\Program Files\Git\usr\share\man;C:\Program Files\Git\usr\man;C:\Program Files\Git\share\man
# automatic
<D = $(patsubst %/,%,$(patsubst %\,%,$(dir $<)))
# environment
VSCODE_NLS_CONFIG = {"locale":"pt-br","availableLanguages":{"*":"pt-br"},"_languagePackId":"195456cb6bc5e7dd989215cd334fb359.pt-br","_translationsConfigFile":"C:\\Users\\juand\\AppData\\Roaming\\Code\\clp\\195456cb6bc5e7dd989215cd334fb359.pt-br\\tcf.json","_cacheRoot":"C:\\Users\\juand\\AppData\\Roaming\\Code\\clp\\195456cb6bc5e7dd989215cd334fb359.pt-br","_resolvedLanguagePackCoreLocation":"C:\\Users\\juand\\AppData\\Roaming\\Code\\clp\\195456cb6bc5e7dd989215cd334fb359.pt-br\\30d9c6cd9483b2cc586687151bcbcd635f373630","_corruptedFile":"C:\\Users\\juand\\AppData\\Roaming\\Code\\clp\\195456cb6bc5e7dd989215cd334fb359.pt-br\\corrupted.info","_languagePackSupport":true}
# environment
INTELLIJ IDEA EDUCATIONAL EDITION = C:\Program Files\JetBrains\IntelliJ IDEA Educational Edition 2021.1.3\bin;
# default
MAKE_HOST := Windows32
# environment
PROGRAMDATA = C:\ProgramData
# environment
INFOPATH = C:\Program Files\Git\usr\local\info;C:\Program Files\Git\usr\share\info;C:\Program Files\Git\usr\info;C:\Program Files\Git\share\info
# makefile
SHELL = C:/Program Files/Git/usr/bin/sh.exe
# environment
ORIGINAL_PATH = C:\Program Files\Git\mingw64\bin;C:\Program Files\Git\usr\bin;C:\Users\juand\bin;C:\Program Files\Common Files\Oracle\Java\javapath;C:\Python310\Scripts;C:\Python310;C:\ProgramData\Oracle\Java\javapath;C:\Program Files\Java\jdk-17.0.2\bin;C:\Program Files\Java\jdk-17.0.2\bin;C:\WINDOWS\system32;C:\WINDOWS;C:\WINDOWS\System32\Wbem;C:\WINDOWS\System32\WindowsPowerShell\v1.0;C:\WINDOWS\System32\OpenSSH;C:\msys64\mingw32\bin;C:\msys64\mingw64\bin;C:\Program Files\Git\cmd;C:\Program Files (x86)\ZeroTier\One;C:\ProgramData\chocolatey\bin;D:\Arquivos de Programas\Nodejs;C:\Program Files\GitHub CLI;C:\Users\juand\AppData\Local\Programs\Python\Python39\Scripts;C:\Users\juand\AppData\Local\Programs\Python\Python39;C:\Users\juand\AppData\Local\Microsoft\WindowsApps;C:\Users\juand\AppData\Local\Programs\Microsoft VS Code\bin;C:\Program Files\JetBrains\IntelliJ IDEA Educational Edition 2021.1.3\bin;C:\Program Files\JetBrains\IntelliJ IDEA Community Edition 2021.2\bin;C:\Users\juand\AppData\Local\GitHubDesktop\bin;C:\Users\juand\AppData\Roaming\npm
# environment
HOMEPATH = \Users\juand
# default
MAKECMDGOALS := all
# environment
SHLVL = 2
# environment
DRIVERDATA = C:\Windows\System32\Drivers\DriverData
# environment
COMSPEC = C:\WINDOWS\system32\cmd.exe
# environment
WINDIR = C:\WINDOWS
# environment
MAKELEVEL := 0
# default
MAKE = $(MAKE_COMMAND)
# environment
PATH = C:\Users\juand\bin;C:\Program Files\Git\mingw64\bin;C:\Program Files\Git\usr\local\bin;C:\Program Files\Git\usr\bin;C:\Program Files\Git\usr\bin;C:\Program Files\Git\mingw64\bin;C:\Program Files\Git\usr\bin;C:\Users\juand\bin;C:\Program Files\Common Files\Oracle\Java\javapath;C:\Python310\Scripts;C:\Python310;C:\ProgramData\Oracle\Java\javapath;C:\Program Files\Java\jdk-17.0.2\bin;C:\Program Files\Java\jdk-17.0.2\bin;C:\WINDOWS\system32;C:\WINDOWS;C:\WINDOWS\System32\Wbem;C:\WINDOWS\System32\WindowsPowerShell\v1.0;C:\WINDOWS\System32\OpenSSH;C:\msys64\mingw32\bin;C:\msys64\mingw64\bin;C:\Program Files\Git\cmd;C:\Program Files (x86)\ZeroTier\One;C:\ProgramData\chocolatey\bin;D:\Arquivos de Programas\Nodejs;C:\Program Files\GitHub CLI;C:\Users\juand\AppData\Local\Programs\Python\Python39\Scripts;C:\Users\juand\AppData\Local\Programs\Python\Python39;C:\Users\juand\AppData\Local\Microsoft\WindowsApps;C:\Users\juand\AppData\Local\Programs\Microsoft VS Code\bin;C:\Program Files\JetBrains\IntelliJ IDEA Educational Edition 2021.1.3\bin;C:\Program Files\JetBrains\IntelliJ IDEA Community Edition 2021.2\bin;C:\Users\juand\AppData\Local\GitHubDesktop\bin;C:\Users\juand\AppData\Roaming\npm;C:\Program Files\Git\usr\bin\vendor_perl;C:\Program Files\Git\usr\bin\core_perl
# environment
ZES_ENABLE_SYSMAN = 1
# environment
COMPUTERNAME = DESKTOP-JUAN
# default
MAKEFILES := 
# automatic
^F = $(notdir $^)
# environment
MINGW_PACKAGE_PREFIX = mingw-w64-x86_64
# environment
PROMPT = $P$G
# environment
CHOCOLATEYLASTPATHUPDATE = 132834762597331226
# makefile (from 'makefile', line 4)
AFLAGS = -mfpu=neon
# environment
WT_SESSION = 97ecd907-484a-4291-97e2-5f0b480e6ff3
# environment
LOGONSERVER = \\DESKTOP-JUAN
# environment
VSCODE_LOG_NATIVE = false
# environment
USERNAME = juand
# environment
COMMONPROGRAMFILES = C:\Program Files\Common Files
# automatic
?F = $(notdir $?)
# environment
PROGRAMW6432 = C:\Program Files
# environment
MSYSTEM_CHOST = x86_64-w64-mingw32
# environment
PATHEXT = .COM;.EXE;.BAT;.CMD;.VBS;.VBE;.JS;.JSE;.WSF;.WSH;.MSC;.PY;.PYW
# automatic
+F = $(notdir $+)
# environment
CONFIG_SITE = C:/Program Files/Git/etc/config.site
# environment
ORIGINAL_XDG_CURRENT_DESKTOP = undefined
# environment
USERDOMAIN = DESKTOP-JUAN
# 'override' directive
GNUMAKEFLAGS := 
# environment
OS = Windows_NT
# environment
MSYSTEM_PREFIX = C:/Program Files/Git/mingw64
# makefile
.DEFAULT_GOAL := all
# environment
DISPLAY = needs-to-be-defined
# default
MAKE_VERSION := 4.3
# environment
MSYS = enable_pcon
# environment
PROGRAMFILES(X86) = C:\Program Files (x86)
# environment
USERDOMAIN_ROAMINGPROFILE = DESKTOP-JUAN
# environment
NUMBER_OF_PROCESSORS = 4
# environment
PUBLIC = C:\Users\Public
# environment
_ = C:/Users/juand/AppData/Local/Programs/Microsoft VS Code/Code.exe
# makefile (from 'makefile', line 8)
BIN = bin/
# environment
APPDATA = C:\Users\juand\AppData\Roaming
# makefile (from 'makefile', line 3)
CFLAGS = -std=c99 -Wall -mfpu=neon -mhard-float -mcpu=cortex-a8
# environment
HOMEDRIVE = C:
# environment
PROCESSOR_ARCHITECTURE = AMD64
# environment
VSCODE_AMD_ENTRYPOINT = vs/workbench/api/node/extensionHostProcess
# environment
MSYSTEM = MINGW64
# environment
HOME = C:\Users\juand
# environment
COMMONPROGRAMFILES(X86) = C:\Program Files (x86)\Common Files
# environment
JDK_HOME = C:\Program Files\Java\jdk-17.0.2
# environment
EXEPATH = C:\Program Files\Git\bin
# environment
ELECTRON_RUN_AS_NODE = 1
# environment
TEMP = C:\Users\juand\AppData\Local\Temp
# environment
TERM = xterm-256color
# environment
VSCODE_IPC_HOOK = \\.\pipe\1566e9752c9b86aa6e4a41b6b14e8de1-1.68.1-main-sock
# default
.RECIPEPREFIX := 
# environment
ORIGINAL_TMP = C:/Users/juand/AppData/Local/Temp
# automatic
<F = $(notdir $<)
# environment
PLINK_PROTOCOL = ssh
# default
SUFFIXES := 
# environment
ALLUSERSPROFILE = C:\ProgramData
# environment
VSCODE_CLI = 1
# environment
ELECTRON_NO_ATTACH_CONSOLE = 1
# default
.FEATURES := target-specific order-only second-expansion else-if shortest-stem undefine oneshell nocomment grouped-target extra-prereqs archives jobserver output-sync load
# environment
PROCESSOR_REVISION = 9e09
# environment
PROCESSOR_IDENTIFIER = Intel64 Family 6 Model 158 Stepping 9, GenuineIntel
# variable set hash-table stats:
# Load=140/1024=14%, Rehash=0, Collisions=21/177=12%

# Pattern-specific Variable Values

# No pattern-specific variable values.

# Directories

# . (key d:/Github/Embarcados/pratica04, mtime 1656543383): 8 files, no impossibilities.

# 8 files, no impossibilities in 1 directories.

# Implicit Rules

# No implicit rules.

# Files

# Not a target:
src/start.s:
#  Implicit rule search has been done.
#  Last modified 2022-06-29 19:56:23
#  File has been updated.
#  Successfully updated.

app: start.o main.o
#  Implicit rule search has not been done.
#  File does not exist.
#  File has been updated.
#  Needs to be updated (-q is set).
# variable set hash-table stats:
# Load=0/32=0%, Rehash=0, Collisions=0/8=0%
#  recipe to execute (from 'makefile', line 13):
	$(CHAIN)-ld $(OBJ)start.o $(OBJ)main.o -T $(SRC)memmap.ld -o $(OBJ)main.elf
	$(CHAIN)-objcopy $(OBJ)main.elf $(BIN)spl.boot -O binary
	cp $(BIN)spl.boot /tftpboot/app

dump:
#  Implicit rule search has not been done.
#  Modification time never checked.
#  File has not been updated.
#  recipe to execute (from 'makefile', line 32):
	$(CHAIN)-objdump -D $(OBJ)main.elf

clean:
#  Implicit rule search has not been done.
#  Modification time never checked.
#  File has not been updated.
#  recipe to execute (from 'makefile', line 27):
	rm -rf $(OBJ)*.o
	rm -rf $(OBJ)*.elf
	rm -rf $(BIN)*.boot

# Not a target:
src/main.c:
#  Implicit rule search has not been done.
#  Modification time never checked.
#  File has not been updated.

# Not a target:
.DEFAULT:
#  Implicit rule search has not been done.
#  Modification time never checked.
#  File has not been updated.

all: app
#  Command line target.
#  Implicit rule search has been done.
#  File does not exist.
#  File has been updated.
#  Needs to be updated (-q is set).
# variable set hash-table stats:
# Load=0/32=0%, Rehash=0, Collisions=0/8=0%

start.o: src/start.s
#  Implicit rule search has not been done.
#  Implicit/static pattern stem: ''
#  File does not exist.
#  File has been updated.
#  Needs to be updated (-q is set).
# automatic
# @ := start.o
# automatic
# * := 
# automatic
# < := src/start.s
# automatic
# + := src/start.s
# automatic
# % := 
# automatic
# ^ := src/start.s
# automatic
# ? := src/start.s
# automatic
# | := 
# variable set hash-table stats:
# Load=8/32=25%, Rehash=0, Collisions=1/16=6%
#  recipe to execute (from 'makefile', line 18):
	$(CHAIN)-as $(AFLAGS) $(SRC)start.s -o $(OBJ)start.o

copy:
#  Implicit rule search has not been done.
#  Modification time never checked.
#  File has not been updated.
#  recipe to execute (from 'makefile', line 24):
	cp $(BIN)spl.boot /tftpboot/app

main.o: src/main.c
#  Implicit rule search has not been done.
#  Modification time never checked.
#  File has not been updated.
#  recipe to execute (from 'makefile', line 21):
	$(CHAIN)-gcc $(CFLAGS) $(IPATH) -c $(SRC)main.c -o $(OBJ)main.o

# Not a target:
makefile:
#  Implicit rule search has been done.
#  Last modified 2022-06-29 19:56:23
#  File has been updated.
#  Successfully updated.

# Not a target:
.SUFFIXES:
#  Implicit rule search has not been done.
#  Modification time never checked.
#  File has not been updated.

# files hash-table stats:
# Load=12/1024=1%, Rehash=0, Collisions=0/32=0%
# VPATH Search Paths

# No 'vpath' search paths.

# No general ('VPATH' variable) search path.

# strcache buffers: 1 (0) / strings = 19 / storage = 141 B / avg = 7 B
# current buf: size = 8162 B / used = 141 B / count = 19 / avg = 7 B

# strcache performance: lookups = 35 / hit rate = 45%
# hash-table stats:
# Load=19/8192=0%, Rehash=0, Collisions=0/35=0%
# Finished Make data base on Wed Jun 29 19:56:51 2022

 
