make.exe all --print-data-base --no-builtin-variables --no-builtin-rules --question
# GNU Make 4.3
# Built for Windows32
# Copyright (C) 1988-2020 Free Software Foundation, Inc.
# License GPLv3+: GNU GPL version 3 or later <http://gnu.org/licenses/gpl.html>
# This is free software: you are free to change and redistribute it.
# There is NO WARRANTY, to the extent permitted by law.
 

# Make data base, printed on Wed Jun 29 20:46:33 2022

# Variables

# environment
FPS_BROWSER_APP_PROFILE_STRING = Internet Explorer
# environment
SYSTEMDRIVE = C:
# environment
JAVA_HOME = C:\Program Files\Java\jdk-17.0.2
# makefile (from 'makefile', line 6)
OBJ = obj/
# environment
LC_ALL = C
# makefile (from 'makefile', line 5)
SRC = src/
# environment
USERPROFILE = C:\Users\juand
# environment
LOCALAPPDATA = C:\Users\juand\AppData\Local
# environment
VSCODE_IPC_HOOK_EXTHOST = \\.\pipe\vscode-ipc-745a153a-727f-4222-9aff-3839105b5c76-sock
# environment
VSCODE_CWD = D:\Github\Embarcados
# environment
CHOCOLATEYINSTALL = C:\ProgramData\chocolatey
# environment
SYSTEMROOT = C:\WINDOWS
# environment
PROCESSOR_LEVEL = 6
# environment
PSMODULEPATH = C:\Program Files\WindowsPowerShell\Modules;C:\WINDOWS\system32\WindowsPowerShell\v1.0\Modules
# makefile (from 'makefile', line 4)
IPATH = -Iinc/
# default
MAKE_COMMAND := make.exe
# automatic
@D = $(patsubst %/,%,$(patsubst %\,%,$(dir $@)))
# environment
CHROME_CRASHPAD_PIPE_NAME = \\.\pipe\crashpad_13856_MAWBEDWQMZKNKGDK
# environment
FPS_BROWSER_USER_PROFILE_STRING = Default
# environment
VSCODE_HANDLES_UNCAUGHT_ERRORS = true
# default
.VARIABLES := 
# automatic
%D = $(patsubst %/,%,$(patsubst %\,%,$(dir $%)))
# automatic
^D = $(patsubst %/,%,$(patsubst %\,%,$(dir $^)))
# environment
VSCODE_LOG_STACK = false
# automatic
%F = $(notdir $%)
# environment
VSCODE_CODE_CACHE_PATH = C:\Users\juand\AppData\Roaming\Code\CachedData\30d9c6cd9483b2cc586687151bcbcd635f373630
# environment
LANG = C
# default
.LOADED := 
# environment
TMP = C:\Users\juand\AppData\Local\Temp
# default
.INCLUDE_DIRS = .
# makefile
MAKEFLAGS = pqrR
# environment
ONEDRIVE = C:\Users\juand\OneDrive
# environment
INTELLIJ IDEA COMMUNITY EDITION = C:\Program Files\JetBrains\IntelliJ IDEA Community Edition 2021.2\bin;
# makefile
CURDIR := d:/Github/Embarcados/pratica_03
# environment
VSCODE_PIPE_LOGGING = true
# environment
APPLICATION_INSIGHTS_NO_DIAGNOSTIC_CHANNEL = true
# automatic
*D = $(patsubst %/,%,$(patsubst %\,%,$(dir $*)))
# environment
PROGRAMFILES = C:\Program Files
# environment
MFLAGS = -pqrR
# default
.SHELLFLAGS := -c
# environment
COMMONPROGRAMW6432 = C:\Program Files\Common Files
# automatic
+D = $(patsubst %/,%,$(patsubst %\,%,$(dir $+)))
# makefile (from 'makefile', line 1)
MAKEFILE_LIST := makefile
# automatic
@F = $(notdir $@)
# makefile (from 'makefile', line 1)
CHAIN = $(CHAINPATH)arm-none-eabi
# environment
VSCODE_VERBOSE_LOGGING = true
# environment
VSCODE_PID = 13856
# automatic
?D = $(patsubst %/,%,$(patsubst %\,%,$(dir $?)))
# automatic
*F = $(notdir $*)
# automatic
<D = $(patsubst %/,%,$(patsubst %\,%,$(dir $<)))
# environment
VSCODE_NLS_CONFIG = {"locale":"pt-br","availableLanguages":{"*":"pt-br"},"_languagePackId":"195456cb6bc5e7dd989215cd334fb359.pt-br","_translationsConfigFile":"C:\\Users\\juand\\AppData\\Roaming\\Code\\clp\\195456cb6bc5e7dd989215cd334fb359.pt-br\\tcf.json","_cacheRoot":"C:\\Users\\juand\\AppData\\Roaming\\Code\\clp\\195456cb6bc5e7dd989215cd334fb359.pt-br","_resolvedLanguagePackCoreLocation":"C:\\Users\\juand\\AppData\\Roaming\\Code\\clp\\195456cb6bc5e7dd989215cd334fb359.pt-br\\30d9c6cd9483b2cc586687151bcbcd635f373630","_corruptedFile":"C:\\Users\\juand\\AppData\\Roaming\\Code\\clp\\195456cb6bc5e7dd989215cd334fb359.pt-br\\corrupted.info","_languagePackSupport":true}
# environment
INTELLIJ IDEA EDUCATIONAL EDITION = C:\Program Files\JetBrains\IntelliJ IDEA Educational Edition 2021.1.3\bin;
# default
MAKE_HOST := Windows32
# environment
PROGRAMDATA = C:\ProgramData
# default
SHELL := sh.exe
# environment
HOMEPATH = \Users\juand
# default
MAKECMDGOALS := all
# environment
DRIVERDATA = C:\Windows\System32\Drivers\DriverData
# environment
COMSPEC = C:\WINDOWS\system32\cmd.exe
# environment
WINDIR = C:\WINDOWS
# environment
MAKELEVEL := 0
# default
MAKE = $(MAKE_COMMAND)
# environment
PATH = C:\Program Files\Common Files\Oracle\Java\javapath;C:\Python310\Scripts\;C:\Python310\;C:\ProgramData\Oracle\Java\javapath;C:\Program Files\Java\jdk-17.0.2\bin;C:\Program Files\Java\jdk-17.0.2\bin;C:\WINDOWS\system32;C:\WINDOWS;C:\WINDOWS\System32\Wbem;C:\WINDOWS\System32\WindowsPowerShell\v1.0\;C:\WINDOWS\System32\OpenSSH\;C:\msys64\mingw32\bin;C:\msys64\mingw64\bin;C:\Program Files\Git\cmd;C:\Program Files (x86)\ZeroTier\One\;C:\ProgramData\chocolatey\bin;D:\Arquivos de Programas\Nodejs\;C:\Program Files\GitHub CLI\;C:\Users\juand\AppData\Local\Programs\Python\Python39\Scripts\;C:\Users\juand\AppData\Local\Programs\Python\Python39\;C:\Users\juand\AppData\Local\Microsoft\WindowsApps;C:\msys64\mingw32\bin;C:\msys64\mingw64\bin;C:\Users\juand\AppData\Local\Programs\Microsoft VS Code\bin;C:\Program Files\JetBrains\IntelliJ IDEA Educational Edition 2021.1.3\bin;;C:\Program Files\JetBrains\IntelliJ IDEA Community Edition 2021.2\bin;;C:\Users\juand\AppData\Local\GitHubDesktop\bin;C:\Users\juand\AppData\Roaming\npm;
# environment
ZES_ENABLE_SYSMAN = 1
# environment
COMPUTERNAME = DESKTOP-JUAN
# default
MAKEFILES := 
# automatic
^F = $(notdir $^)
# environment
PROMPT = $P$G
# environment
CHOCOLATEYLASTPATHUPDATE = 132834762597331226
# makefile (from 'makefile', line 3)
AFLAGS = -mfpu=neon
# environment
LOGONSERVER = \\DESKTOP-JUAN
# environment
VSCODE_LOG_NATIVE = false
# environment
USERNAME = juand
# environment
COMMONPROGRAMFILES = C:\Program Files\Common Files
# automatic
?F = $(notdir $?)
# environment
PROGRAMW6432 = C:\Program Files
# environment
PATHEXT = .COM;.EXE;.BAT;.CMD;.VBS;.VBE;.JS;.JSE;.WSF;.WSH;.MSC;.PY;.PYW
# automatic
+F = $(notdir $+)
# environment
ORIGINAL_XDG_CURRENT_DESKTOP = undefined
# environment
USERDOMAIN = DESKTOP-JUAN
# 'override' directive
GNUMAKEFLAGS := 
# environment
OS = Windows_NT
# makefile
.DEFAULT_GOAL := all
# default
MAKE_VERSION := 4.3
# environment
PROGRAMFILES(X86) = C:\Program Files (x86)
# environment
USERDOMAIN_ROAMINGPROFILE = DESKTOP-JUAN
# environment
NUMBER_OF_PROCESSORS = 4
# environment
PUBLIC = C:\Users\Public
# makefile (from 'makefile', line 7)
BIN = bin/
# environment
APPDATA = C:\Users\juand\AppData\Roaming
# makefile (from 'makefile', line 2)
CFLAGS = -std=c99 -Wall -mfpu=neon -mhard-float -mcpu=cortex-a8
# environment
HOMEDRIVE = C:
# environment
PROCESSOR_ARCHITECTURE = AMD64
# environment
VSCODE_AMD_ENTRYPOINT = vs/workbench/api/node/extensionHostProcess
# environment
COMMONPROGRAMFILES(X86) = C:\Program Files (x86)\Common Files
# environment
JDK_HOME = C:\Program Files\Java\jdk-17.0.2
# environment
ELECTRON_RUN_AS_NODE = 1
# environment
TEMP = C:\Users\juand\AppData\Local\Temp
# environment
VSCODE_IPC_HOOK = \\.\pipe\1566e9752c9b86aa6e4a41b6b14e8de1-1.68.1-main-sock
# default
.RECIPEPREFIX := 
# automatic
<F = $(notdir $<)
# default
SUFFIXES := 
# environment
ALLUSERSPROFILE = C:\ProgramData
# environment
SESSIONNAME = Console
# default
.FEATURES := target-specific order-only second-expansion else-if shortest-stem undefine oneshell nocomment grouped-target extra-prereqs archives jobserver output-sync load
# environment
PROCESSOR_REVISION = 9e09
# environment
PROCESSOR_IDENTIFIER = Intel64 Family 6 Model 158 Stepping 9, GenuineIntel
# variable set hash-table stats:
# Load=107/1024=10%, Rehash=0, Collisions=21/150=14%

# Pattern-specific Variable Values

# No pattern-specific variable values.

# Directories

# . (key d:/Github/Embarcados/pratica_03, mtime 1656543383): 11 files, no impossibilities.

# 11 files, no impossibilities in 1 directories.

# Implicit Rules

# No implicit rules.

# Files

# Not a target:
src/start.s:
#  Implicit rule search has been done.
#  Last modified 2022-06-29 19:56:23
#  File has been updated.
#  Successfully updated.

# Not a target:
src/control_module.c:
#  Implicit rule search has not been done.
#  Modification time never checked.
#  File has not been updated.

app: start.o main.o gpio.o uart.o pad.o control_module.o clock_module.o execution_functions.o
#  Implicit rule search has not been done.
#  File does not exist.
#  File has been updated.
#  Needs to be updated (-q is set).
# variable set hash-table stats:
# Load=0/32=0%, Rehash=0, Collisions=0/8=0%
#  recipe to execute (from 'makefile', line 12):
	$(CHAIN)-ld $(OBJ)start.o $(OBJ)main.o $(OBJ)gpio.o $(OBJ)uart.o $(OBJ)pad.o $(OBJ)control_module.o $(OBJ)clock_module.o $(OBJ)execution_functions.o -T $(SRC)memmap.ld -o $(OBJ)main.elf
	$(CHAIN)-objcopy $(OBJ)main.elf $(BIN)spl.boot -O binary
	cp $(BIN)spl.boot /tftpboot/app

# Not a target:
src/gpio.c:
#  Implicit rule search has not been done.
#  Modification time never checked.
#  File has not been updated.

dump:
#  Implicit rule search has not been done.
#  Modification time never checked.
#  File has not been updated.
#  recipe to execute (from 'makefile', line 49):
	$(CHAIN)-objdump -D $(OBJ)main.elf

clean:
#  Implicit rule search has not been done.
#  Modification time never checked.
#  File has not been updated.
#  recipe to execute (from 'makefile', line 44):
	rm -rf $(OBJ)*.o
	rm -rf $(OBJ)*.elf
	rm -rf $(BIN)*.boot

gpio.o: src/gpio.c
#  Implicit rule search has not been done.
#  Modification time never checked.
#  File has not been updated.
#  recipe to execute (from 'makefile', line 23):
	$(CHAIN)-gcc $(CFLAGS) $(IPATH) -c $(SRC)gpio.c -o $(OBJ)gpio.o

# Not a target:
src/pad.c:
#  Implicit rule search has not been done.
#  Modification time never checked.
#  File has not been updated.

# Not a target:
src/main.c:
#  Implicit rule search has not been done.
#  Modification time never checked.
#  File has not been updated.

uart.o: src/uart.c
#  Implicit rule search has not been done.
#  Modification time never checked.
#  File has not been updated.
#  recipe to execute (from 'makefile', line 26):
	$(CHAIN)-gcc $(CFLAGS) $(IPATH) -c $(SRC)uart.c -o $(OBJ)uart.o

# Not a target:
src/execution_functions.c:
#  Implicit rule search has not been done.
#  Modification time never checked.
#  File has not been updated.

execution_functions.o: src/execution_functions.c
#  Implicit rule search has not been done.
#  Modification time never checked.
#  File has not been updated.
#  recipe to execute (from 'makefile', line 32):
	$(CHAIN)-gcc $(CFLAGS) $(IPATH) -c $(SRC)execution_functions.c -o $(OBJ)execution_functions.o

# Not a target:
.DEFAULT:
#  Implicit rule search has not been done.
#  Modification time never checked.
#  File has not been updated.

all: app
#  Command line target.
#  Implicit rule search has been done.
#  File does not exist.
#  File has been updated.
#  Needs to be updated (-q is set).
# variable set hash-table stats:
# Load=0/32=0%, Rehash=0, Collisions=0/8=0%

clock_module.o: src/clock_module.c
#  Implicit rule search has not been done.
#  Modification time never checked.
#  File has not been upd 
ated.
#  recipe to execute (from 'makefile', line 38):
	$(CHAIN)-gcc $(CFLAGS) $(IPATH) -c $(SRC)clock_module.c -o $(OBJ)clock_module.o

start.o: src/start.s
#  Implicit rule search has not been done.
#  Implicit/static pattern stem: ''
#  File does not exist.
#  File has been updated.
#  Needs to be updated (-q is set).
# automatic
# @ := start.o
# automatic
# * := 
# automatic
# < := src/start.s
# automatic
# + := src/start.s
# automatic
# % := 
# automatic
# ^ := src/start.s
# automatic
# ? := src/start. 
s
# automatic
# | := 
# variable set hash-table stats:
# Load=8/32=25%, Rehash=0, Collisions=1/16=6%
#  recipe to execute (from 'makefile', line 17):
	$(CHAIN)-as $(AFLAGS) $(SRC)start.s -o $(OBJ)start.o

copy:
#  Implicit rule search has not been done.
#  Modification time never checked.
#  File has not been updated.
#  recipe to execute (from 'makefile', line 41):
	cp $(BIN)spl.boot /tftpboot/app

main.o: src/main.c
#  Implicit rule search has not been done.
#  Modification time never checked.
#  File has not been updated.
#  recipe to execute (from 'makefile', line 20):
	$(CHAIN)-gcc $(CFLAGS) $(IPATH) -c $(SRC)main.c -o $(OBJ)main.o

pad.o: src/pad.c
#  Implicit rule search has not been done.
#  Modification time never checked.
#  File has not been updated.
#  recipe to execute (from 'makefile', line 29):
	$(CHAIN)-gcc $(CFLAGS) $(IPATH) -c $(SRC)pad.c -o $(OBJ)pad.o

# Not a target:
makefile:
#  Implicit rule search has been done.
#  Last modified 2022-06-29 19:56:23
#  File has been updated.
#  Successfully updated.

# Not a target:
src/clock_module.c:
#  Implicit rule search has not been done.
#  Modification time never checked.
#  File has not been updated.

# Not a target:
src/uart.c:
#  Implicit rule search has not been done.
#  Modification time never checked.
#  File has not been updated.

# Not a target:
.SUFFIXES:
#  Implicit rule search has not been done.
#  Modification time never checked.
#  File has not been updated.

control_module.o: src/control_module.c
#  Implicit rule search has not been done.
#  Modification time never checked.
#  File has not been updated.
#  recipe to execute (from 'makefile', line 35):
	$(CHAIN)-gcc $(CFLAGS) $(IPATH) -c $(SRC)control_module.c -o $(OBJ)control_module.o

# files hash-table stats:
# Load=24/1024=2%, Rehash=0, Collisions=0/62=0%
# VPATH Search Paths

# No 'vpath' search paths.

# No general ('VPATH' variable) search path.

# strcache buffers: 1 (0) / strings = 34 / storage = 330 B / avg = 9 B
# current buf: size = 8162 B / used = 330 B / count = 34 / avg = 9 B

# strcache performance: lookups = 62 / hit rate = 45%
# hash-table stats:
# Load=34/8192=0%, Rehash=0, Collisions=0/62=0%
# Finished Make data base on Wed Jun 29 20:46:33 2022

 
