make all --print-data-base --no-builtin-variables --no-builtin-rules --question
# GNU Make 4.2.1
# Built for x86_64-pc-linux-gnu
# Copyright (C) 1988-2016 Free Software Foundation, Inc.
# License GPLv3+: GNU GPL version 3 or later <http://gnu.org/licenses/gpl.html>
# This is free software: you are free to change and redistribute it.
# There is NO WARRANTY, to the extent permitted by law.

# Make data base, printed on Thu Jun  9 13:08:55 2022

# Variables

# automatic
<D = $(patsubst %/,%,$(dir $<))
# automatic
?F = $(notdir $?)
# environment
DESKTOP_SESSION = cinnamon
# default
.SHELLFLAGS := -c
# makefile (from 'makefile', line 6)
OBJ = obj/
# environment
XDG_SESSION_CLASS = user
# makefile (from 'makefile', line 5)
SRC = src/
# environment
XDG_SESSION_TYPE = x11
# environment
VSCODE_LOG_NATIVE = false
# environment
GTK3_MODULES = xapp-gtk3-module
# automatic
?D = $(patsubst %/,%,$(dir $?))
# automatic
@D = $(patsubst %/,%,$(dir $@))
# environment
XAUTHORITY = /home/juanpimentel/.Xauthority
# environment
GDMSESSION = cinnamon
# default
MAKE_VERSION := 4.2.1
# makefile
CURDIR := /home/juanpimentel/Documentos/Github/Embarcados/pratica_03
# makefile
SHELL = /bin/sh
# makefile (from 'makefile', line 7)
BIN = bin/
# environment
GDM_LANG = pt_BR
# environment
VSCODE_NLS_CONFIG = {"locale":"pt-br","availableLanguages":{"*":"pt-br"},"_languagePackId":"74ce6549a467d1dfaba55fb5394742c9.pt-br","_translationsConfigFile":"/home/juanpimentel/.config/Code/clp/74ce6549a467d1dfaba55fb5394742c9.pt-br/tcf.json","_cacheRoot":"/home/juanpimentel/.config/Code/clp/74ce6549a467d1dfaba55fb5394742c9.pt-br","_resolvedLanguagePackCoreLocation":"/home/juanpimentel/.config/Code/clp/74ce6549a467d1dfaba55fb5394742c9.pt-br/c3511e6c69bb39013c4a4b7b9566ec1ca73fc4d5","_corruptedFile":"/home/juanpimentel/.config/Code/clp/74ce6549a467d1dfaba55fb5394742c9.pt-br/corrupted.info","_languagePackSupport":true}
# environment
_ = /usr/share/code/code
# makefile (from 'makefile', line 2)
CFLAGS = -std=c99 -Wall -mfpu=neon -mhard-float -mcpu=cortex-a8
# environment
XDG_CONFIG_DIRS = /etc/xdg/xdg-cinnamon:/etc/xdg
# environment
GTK_OVERLAY_SCROLLING = 1
# makefile (from 'makefile', line 1)
MAKEFILE_LIST :=  makefile
# automatic
@F = $(notdir $@)
# environment
GIO_LAUNCHED_DESKTOP_FILE = /usr/share/applications/code.desktop
# 'override' directive
GNUMAKEFLAGS := 
# environment
MANDATORY_PATH = /usr/share/gconf/cinnamon.mandatory.path
# environment
XDG_DATA_DIRS = /usr/share/cinnamon:/usr/share/gnome:/home/juanpimentel/.local/share/flatpak/exports/share:/var/lib/flatpak/exports/share:/usr/local/share:/usr/share
# environment
DBUS_SESSION_BUS_ADDRESS = unix:path=/run/user/1000/bus
# environment
VSCODE_VERBOSE_LOGGING = true
# environment
LESSOPEN = | /usr/bin/lesspipe %s
# environment
VSCODE_CWD = /home/juanpimentel
# environment
XDG_SESSION_PATH = /org/freedesktop/DisplayManager/Session0
# default
MAKE_HOST := x86_64-pc-linux-gnu
# environment
PATH = /home/juanpimentel/.nvm/versions/node/v17.7.1/bin:/usr/local/sbin:/usr/local/bin:/usr/sbin:/usr/bin:/sbin:/bin:/usr/games:/usr/local/games:/snap/bin:/home/juanpimentel/Documentos/Github/Embarcados/lab/toolchain/gcc-arm-none-eabi-10.3-2021.10/bin
# environment
GPG_AGENT_INFO = /run/user/1000/gnupg/S.gpg-agent:0:1
# environment
SESSION_MANAGER = local/juan-Note:@/tmp/.ICE-unix/982,unix/juan-Note:/tmp/.ICE-unix/982
# environment
XDG_RUNTIME_DIR = /run/user/1000
# makefile (from 'makefile', line 4)
IPATH = -Iinc/
# environment
NVM_BIN = /home/juanpimentel/.nvm/versions/node/v17.7.1/bin
# environment
VSCODE_LOG_STACK = false
# environment
ELECTRON_RUN_AS_NODE = 1
# default
.FEATURES := target-specific order-only second-expansion else-if shortest-stem undefine oneshell archives jobserver output-sync check-symlink load
# environment
XDG_GREETER_DATA_DIR = /var/lib/lightdm-data/juanpimentel
# environment
LS_COLORS = 
# environment
XDG_SESSION_DESKTOP = cinnamon
# environment
SSH_AUTH_SOCK = /run/user/1000/keyring/ssh
# environment
GIO_LAUNCHED_DESKTOP_FILE_PID = 1840
# automatic
%F = $(notdir $%)
# environment
DISPLAY = :0
# environment
VSCODE_PIPE_LOGGING = true
# environment
PWD = /home/juanpimentel/Documentos/Github/Embarcados/pratica_03
# environment
QT_QPA_PLATFORMTHEME = qt5ct
# default
.LOADED := 
# environment
XDG_SEAT = seat0
# environment
SSH_AGENT_PID = 1055
# environment
ORIGINAL_XDG_CURRENT_DESKTOP = X-Cinnamon
# environment
GTK_MODULES = gail:atk-bridge
# makefile (from 'makefile', line 1)
CHAIN = $(CHAINPATH)arm-none-eabi
# environment
VSCODE_AMD_ENTRYPOINT = vs/workbench/api/node/extensionHostProcess
# environment
HOME = /home/juanpimentel
# environment
LESSCLOSE = /usr/bin/lesspipe %s %s
# environment
VSCODE_CODE_CACHE_PATH = /home/juanpimentel/.config/Code/CachedData/c3511e6c69bb39013c4a4b7b9566ec1ca73fc4d5
# environment
LOGNAME = juanpimentel
# environment
APPLICATION_INSIGHTS_NO_DIAGNOSTIC_CHANNEL = 1
# environment
NVM_CD_FLAGS = 
# environment
VSCODE_HANDLES_UNCAUGHT_ERRORS = true
# environment
GNOME_DESKTOP_SESSION_ID = this-is-deprecated
# automatic
^D = $(patsubst %/,%,$(dir $^))
# environment
XDG_VTNR = 7
# environment
MAKELEVEL := 0
# default
MAKE = $(MAKE_COMMAND)
# default
MAKECMDGOALS := all
# environment
SHLVL = 0
# environment
VSCODE_IPC_HOOK_EXTHOST = /run/user/1000/vscode-ipc-b84b2de8-c878-428d-b5ee-bc37fb260a73.sock
# environment
XDG_SESSION_ID = c2
# environment
USER = juanpimentel
# makefile
.DEFAULT_GOAL := all
# environment
XDG_CURRENT_DESKTOP = X-Cinnamon
# automatic
%D = $(patsubst %/,%,$(dir $%))
# default
MAKE_COMMAND := make
# default
.VARIABLES := 
# automatic
*F = $(notdir $*)
# environment
LANGUAGE = pt_BR:pt:en
# environment
XDG_SEAT_PATH = /org/freedesktop/DisplayManager/Seat0
# environment
VSCODE_IPC_HOOK = /run/user/1000/vscode-7467bfeb-1.67.2-main.sock
# makefile
MAKEFLAGS = pqrR
# environment
MFLAGS = -pqrR
# automatic
*D = $(patsubst %/,%,$(dir $*))
# environment
NVM_DIR = /home/juanpimentel/.nvm
# automatic
+D = $(patsubst %/,%,$(dir $+))
# environment
GDK_BACKEND = x11
# automatic
+F = $(notdir $+)
# environment
CINNAMON_VERSION = 5.2.7
# environment
QT_ACCESSIBILITY = 1
# environment
DEFAULTS_PATH = /usr/share/gconf/cinnamon.default.path
# default
MAKEFILES := 
# automatic
<F = $(notdir $<)
# environment
LC_ALL = C
# environment
GJS_DEBUG_TOPICS = JS ERROR;JS LOG
# automatic
^F = $(notdir $^)
# default
SUFFIXES := 
# environment
CHROME_DESKTOP = code-url-handler.desktop
# default
.INCLUDE_DIRS = /usr/include /usr/local/include /usr/include
# environment
GJS_DEBUG_OUTPUT = stderr
# default
.RECIPEPREFIX := 
# environment
LANG = C
# makefile (from 'makefile', line 3)
AFLAGS = -mfpu=neon
# environment
VSCODE_PID = 1840
# variable set hash-table stats:
# Load=111/1024=11%, Rehash=0, Collisions=9/152=6%

# Pattern-specific Variable Values

# No pattern-specific variable values.

# Directories

# . (device 56, inode 5899731): 12 files, no impossibilities.

# 12 files, no impossibilities in 1 directories.

# Implicit Rules

# No implicit rules.

# Files

all: app
#  Command line target.
#  Implicit rule search has been done.
#  File does not exist.
#  File has been updated.
#  Needs to be updated (-q is set).
# variable set hash-table stats:
# Load=0/32=0%, Rehash=0, Collisions=0/8=0%

gpio.o: src/gpio.c
#  Implicit rule search has not been done.
#  Modification time never checked.
#  File has not been updated.
#  recipe to execute (from 'makefile', line 23):
	$(CHAIN)-gcc $(CFLAGS) $(IPATH) -c $(SRC)gpio.c -o $(OBJ)gpio.o

clock_module.o: src/clock_module.c
#  Implicit rule search has not been done.
#  Modification time never checked.
#  File has not been updated.
#  recipe to execute (from 'makefile', line 38):
	$(CHAIN)-gcc $(CFLAGS) $(IPATH) -c $(SRC)clock_module.c -o $(OBJ)clock_module.o

copy:
#  Implicit rule search has not been done.
#  Modification time never checked.
#  File has not been updated.
 
#  recipe to execute (from 'makefile', line 41):
	cp $(BIN)spl.boot /tftpboot/app

# Not a target:
.SUFFIXES:
#  Implicit rule search has not been done.
#  Modification time never checked.
#  File has not been updated.

# Not a target:
src/clock_module.c:
#  Implicit rule search has not been done.
#  Modification time never checked.
#  File has not been updated.

start.o: src/start.s
#  Implicit rule search has not been done.
#  Implicit/static pattern stem: ''
#  File does not exist.
#  File has been updated.
#  Needs to be updated (-q is set).
# automatic
# @ := start.o
# automatic
# % := 
# automatic
# * := 
# automatic
# + := src/start.s
# automatic
# | := 
# automatic
# < := src/start.s
# automatic
# ^ := src/start.s
# automatic
# ? := src/start.s
# variable set hash-table stats:
# Load=8/32=25%, Rehash=0, Collisions=4/16=25%
#  recipe to execute (from 'makefile', line 17):
	$(CHAIN)-as $(AFLAGS) $(SRC)start.s -o $(OBJ)start.o

app: start.o main.o gpio.o uart.o pad.o control_module.o clock_module.o execution_functions.o
#  Implicit rule search has not been done.
#  File does not exist.
#  File has been updated.
#  Needs to be updated (-q is set).
# variable set hash-table stats:
# Load=0/32=0%, Rehash=0, Collisions=0/8=0%
#  recipe to execute (from 'makefile', line 12):
	$(CHAIN)-ld $(OBJ)start.o $(OBJ)main.o $(OBJ)gpio.o $(OBJ)uart.o $(OBJ)pad.o $(OBJ)control_module.o $(OBJ)clock_module.o $(OBJ)execution_functions.o -T $(SRC)memmap.ld -o $(OBJ)main.elf
	$(CHAIN)-objcopy $(OBJ)main.elf $(BIN)spl.boot -O binary
	cp $(BIN)spl.boot /tftpboot/app

dump:
#  Implicit rule search has not been done.
#  Modification time never checked.
#  File has not been updated.
#  recipe to execute (from 'makefile', line 49):
	$(CHAIN)-objdump -D $(OBJ)main.elf

# Not a target:
makefile:
#  Implicit rule search has been done.
#  Last modified 2022-06-07 15:53:43.724727787
#  File has been updated.
#  Successfully updated.

# Not a target:
src/start.s:
#  Implicit rule search has been done.
#  Last modified 2022-05-23 21:51:42
#  File has been updated.
#  Successfully updated.

# Not a target:
src/execution_functions.c:
#  Implicit rule search has not been done.
#  Modification time never checked.
#  File has not been updated.

uart.o: src/uart.c
#  Implicit rule search has not been done.
#  Modification time never checked.
#  File has not been updated.
#  recipe to execute (from 'makefile', line 26):
	$(CHAIN)-gcc $(CFLAGS) $(IPATH) -c $(SRC)uart.c -o $(OBJ)uart.o

# Not a target:
src/main.c:
#  Implicit rule search has not been done.
#  Modification time never checked.
#  File has not been updated.

control_module.o: src/control_module.c
#  Implicit rule search has not been done.
#  Modification time never checked.
#  File has not been updated.
#  recipe to execute (from 'makefile', line 35):
	$(CHAIN)-gcc $(CFLAGS) $(IPATH) -c $(SRC)control_module.c -o $(OBJ)control_module.o

# Not a target:
src/control_module.c:
#  Implicit rule search has not been done.
#  Modification time never checked.
#  File has not been updated.

# Not a target:
src/pad.c:
#  Implicit rule search has not been done.
#  Modification time never checked.
#  File has not been updated.

# Not a target:
.DEFAULT:
#  Implicit rule search has not been done.
#  Modification time never checked.
#  File has not been updated.

# Not a target:
src/uart.c:
#  Implicit rule search has not been done.
#  Modification time never checked.
#  File has not been updated.

clean:
#  Implicit rule search has not been done.
#  Modification time never checked.
#  File has not been updated.
#  recipe to execute (from 'makefile', line 44):
	rm -rf $(OBJ)*.o
	rm -rf $(OBJ)*.elf
	rm -rf $(BIN)*.boot

# Not a target:
src/gpio.c:
#  Implicit rule search has not been done.
#  Modification time never checked.
#  File has not been updated.

main.o: src/main.c
#  Implicit rule search has not been done.
#  Modification time never checked.
#  File has not been updated.
#  recipe to execute (from 'makefile', line 20):
	$(CHAIN)-gcc $(CFLAGS) $(IPATH) -c $(SRC)main.c -o $(OBJ)main.o

pad.o: src/pad.c
#  Implicit rule search has not been done.
#  Modification time never checked.
#  File has not been updated.
#  recipe to execute (from 'makefile', line 29):
	$(CHAIN)-gcc $(CFLAGS) $(IPATH) -c $(SRC)pad.c -o $(OBJ)pad.o

execution_functions.o: src/execution_functions.c
#  Implicit rule search has not been done.
#  Modification time never checked.
#  File has not been updated.
#  recipe to execute (from 'makefile', line 32):
	$(CHAIN)-gcc $(CFLAGS) $(IPATH) -c $(SRC)execution_functions.c -o $(OBJ)execution_functions.o

# files hash-table stats:
# Load=24/1024=2%, Rehash=0, Collisions=3/62=5%
# VPATH Search Paths

# No 'vpath' search paths.

# No general ('VPATH' variable) search path.

# strcache buffers: 1 (0) / strings = 37 / storage = 362 B / avg = 9 B
# current buf: size = 8162 B / used = 362 B / count = 37 / avg = 9 B

# strcache performance: lookups = 65 / hit rate = 43%
# hash-table stats:
# Load=37/8192=0%, Rehash=0, Collisions=1/65=2%
# Finished Make data base on Thu Jun  9 13:08:55 2022

 
